# JRE version: Java(TM) SE Runtime Environment 18.9 (11.0.9+7) (build 11.0.9+7-LTS)
# Java VM: Java HotSpot(TM) 64-Bit Server VM 18.9 (11.0.9+7-LTS, mixed mode, tiered, compressed oops, g1 gc, windows-amd64)
Heap:
 garbage-first heap   total 303104K, used 184832K [0x000000070a000000, 0x0000000800000000)
  region size 1024K, 179 young (183296K), 14 survivors (14336K)
 Metaspace       used 45134K, capacity 46731K, committed 46972K, reserved 1089536K
  class space    used 5882K, capacity 6520K, committed 6604K, reserved 1048576K
GC Heap History (10 events):
Event: 0.671 GC heap after
{Heap after GC invocations=1 (full 0):
 garbage-first heap   total 251904K, used 7154K [0x000000070a000000, 0x0000000800000000)
  region size 1024K, 3 young (3072K), 3 survivors (3072K)
 Metaspace       used 14082K, capacity 14427K, committed 14720K, reserved 1062912K
  class space    used 1488K, capacity 1601K, committed 1664K, reserved 1048576K
}
Event: 0.954 GC heap before
{Heap before GC invocations=1 (full 0):
 garbage-first heap   total 251904K, used 69618K [0x000000070a000000, 0x0000000800000000)
  region size 1024K, 65 young (66560K), 3 survivors (3072K)
 Metaspace       used 17942K, capacity 18469K, committed 18688K, reserved 1064960K
  class space    used 2029K, capacity 2236K, committed 2304K, reserved 1048576K
}
Event: 0.958 GC heap after
{Heap after GC invocations=2 (full 0):
 garbage-first heap   total 251904K, used 8469K [0x000000070a000000, 0x0000000800000000)
  region size 1024K, 5 young (5120K), 5 survivors (5120K)
 Metaspace       used 17942K, capacity 18469K, committed 18688K, reserved 1064960K
  class space    used 2029K, capacity 2236K, committed 2304K, reserved 1048576K
}
Event: 1.099 GC heap before
{Heap before GC invocations=2 (full 0):
 garbage-first heap   total 251904K, used 26901K [0x000000070a000000, 0x0000000800000000)
  region size 1024K, 25 young (25600K), 5 survivors (5120K)
 Metaspace       used 20717K, capacity 21256K, committed 21296K, reserved 1069056K
  class space    used 2431K, capacity 2670K, committed 2688K, reserved 1048576K
}
Event: 1.103 GC heap after
{Heap after GC invocations=3 (full 0):
 garbage-first heap   total 251904K, used 9069K [0x000000070a000000, 0x0000000800000000)
  region size 1024K, 5 young (5120K), 5 survivors (5120K)
 Metaspace       used 20717K, capacity 21256K, committed 21296K, reserved 1069056K
  class space    used 2431K, capacity 2670K, committed 2688K, reserved 1048576K
}
Event: 1.341 GC heap before
{Heap before GC invocations=4 (full 0):
 garbage-first heap   total 251904K, used 86893K [0x000000070a000000, 0x0000000800000000)
  region size 1024K, 82 young (83968K), 5 survivors (5120K)
 Metaspace       used 26543K, capacity 27325K, committed 27644K, reserved 1073152K
  class space    used 3225K, capacity 3524K, committed 3660K, reserved 1048576K
}
Event: 1.345 GC heap after
{Heap after GC invocations=5 (full 0):
 garbage-first heap   total 251904K, used 11320K [0x000000070a000000, 0x0000000800000000)
  region size 1024K, 8 young (8192K), 8 survivors (8192K)
 Metaspace       used 26543K, capacity 27325K, committed 27644K, reserved 1073152K
  class space    used 3225K, capacity 3524K, committed 3660K, reserved 1048576K
}
Event: 2.170 GC heap before
{Heap before GC invocations=5 (full 0):
 garbage-first heap   total 251904K, used 97336K [0x000000070a000000, 0x0000000800000000)
  region size 1024K, 93 young (95232K), 8 survivors (8192K)
 Metaspace       used 34520K, capacity 35853K, committed 35964K, reserved 1081344K
  class space    used 4414K, capacity 4963K, committed 5068K, reserved 1048576K
}
Event: 2.182 GC heap after
{Heap after GC invocations=6 (full 0):
 garbage-first heap   total 303104K, used 15874K [0x000000070a000000, 0x0000000800000000)
  region size 1024K, 12 young (12288K), 12 survivors (12288K)
 Metaspace       used 34520K, capacity 35853K, committed 35964K, reserved 1081344K
  class space    used 4414K, capacity 4963K, committed 5068K, reserved 1048576K
}
Event: 2.875 GC heap before
{Heap before GC invocations=7 (full 0):
 garbage-first heap   total 303104K, used 183810K [0x000000070a000000, 0x0000000800000000)
  region size 1024K, 177 young (181248K), 12 survivors (12288K)
 Metaspace       used 45134K, capacity 46731K, committed 46972K, reserved 1089536K
  class space    used 5882K, capacity 6520K, committed 6604K, reserved 1048576K
}

