# JRE version: Java(TM) SE Runtime Environment 18.9 (11.0.9+7) (build 11.0.9+7-LTS)
# Java VM: Java HotSpot(TM) 64-Bit Server VM 18.9 (11.0.9+7-LTS, mixed mode, tiered, compressed oops, g1 gc, windows-amd64)
Heap:
 garbage-first heap   total 262144K, used 62245K [0x00000000e0000000, 0x0000000100000000)
  region size 1024K, 37 young (37888K), 17 survivors (17408K)
 Metaspace       used 55109K, capacity 56641K, committed 56832K, reserved 303104K
  class space    used 7018K, capacity 7614K, committed 7680K, reserved 253952K
GC Heap History (10 events):
Event: 2.713 GC heap before
{Heap before GC invocations=3 (full 0):
 garbage-first heap   total 262144K, used 45323K [0x00000000e0000000, 0x0000000100000000)
  region size 1024K, 39 young (39936K), 10 survivors (10240K)
 Metaspace       used 24070K, capacity 24612K, committed 24832K, reserved 276480K
  class space    used 3079K, capacity 3265K, committed 3328K, reserved 253952K
}
Event: 2.718 GC heap after
{Heap after GC invocations=4 (full 0):
 garbage-first heap   total 262144K, used 17573K [0x00000000e0000000, 0x0000000100000000)
  region size 1024K, 2 young (2048K), 2 survivors (2048K)
 Metaspace       used 24070K, capacity 24612K, committed 24832K, reserved 276480K
  class space    used 3079K, capacity 3265K, committed 3328K, reserved 253952K
}
Event: 3.719 GC heap before
{Heap before GC invocations=4 (full 0):
 garbage-first heap   total 262144K, used 85157K [0x00000000e0000000, 0x0000000100000000)
  region size 1024K, 69 young (70656K), 2 survivors (2048K)
 Metaspace       used 35056K, capacity 35705K, committed 35840K, reserved 286720K
  class space    used 4535K, capacity 4791K, committed 4864K, reserved 253952K
}
Event: 3.724 GC heap after
{Heap after GC invocations=5 (full 0):
 garbage-first heap   total 262144K, used 21632K [0x00000000e0000000, 0x0000000100000000)
  region size 1024K, 6 young (6144K), 6 survivors (6144K)
 Metaspace       used 35056K, capacity 35705K, committed 35840K, reserved 286720K
  class space    used 4535K, capacity 4791K, committed 4864K, reserved 253952K
}
Event: 4.995 GC heap before
{Heap before GC invocations=6 (full 0):
 garbage-first heap   total 262144K, used 116864K [0x00000000e0000000, 0x0000000100000000)
  region size 1024K, 96 young (98304K), 6 survivors (6144K)
 Metaspace       used 44614K, capacity 45583K, committed 45696K, reserved 294912K
  class space    used 5775K, capacity 6162K, committed 6272K, reserved 253952K
}
Event: 5.002 GC heap after
{Heap after GC invocations=7 (full 0):
 garbage-first heap   total 262144K, used 26233K [0x00000000e0000000, 0x0000000100000000)
  region size 1024K, 11 young (11264K), 11 survivors (11264K)
 Metaspace       used 44614K, capacity 45583K, committed 45696K, reserved 294912K
  class space    used 5775K, capacity 6162K, committed 6272K, reserved 253952K
}
Event: 6.502 GC heap before
{Heap before GC invocations=7 (full 0):
 garbage-first heap   total 262144K, used 138873K [0x00000000e0000000, 0x0000000100000000)
  region size 1024K, 122 young (124928K), 11 survivors (11264K)
 Metaspace       used 52372K, capacity 53751K, committed 54016K, reserved 301056K
  class space    used 6820K, capacity 7349K, committed 7424K, reserved 253952K
}
Event: 6.514 GC heap after
{Heap after GC invocations=8 (full 0):
 garbage-first heap   total 262144K, used 35605K [0x00000000e0000000, 0x0000000100000000)
  region size 1024K, 14 young (14336K), 14 survivors (14336K)
 Metaspace       used 52372K, capacity 53751K, committed 54016K, reserved 301056K
  class space    used 6820K, capacity 7349K, committed 7424K, reserved 253952K
}
Event: 644.699 GC heap before
{Heap before GC invocations=8 (full 0):
 garbage-first heap   total 262144K, used 176917K [0x00000000e0000000, 0x0000000100000000)
  region size 1024K, 153 young (156672K), 14 survivors (14336K)
 Metaspace       used 55026K, capacity 56577K, committed 56832K, reserved 303104K
  class space    used 7018K, capacity 7614K, committed 7680K, reserved 253952K
}
Event: 644.718 GC heap after
{Heap after GC invocations=9 (full 0):
 garbage-first heap   total 262144K, used 42789K [0x00000000e0000000, 0x0000000100000000)
  region size 1024K, 17 young (17408K), 17 survivors (17408K)
 Metaspace       used 55026K, capacity 56577K, committed 56832K, reserved 303104K
  class space    used 7018K, capacity 7614K, committed 7680K, reserved 253952K
}

