# JRE version: Java(TM) SE Runtime Environment 18.9 (11.0.9+7) (build 11.0.9+7-LTS)
# Java VM: Java HotSpot(TM) 64-Bit Server VM 18.9 (11.0.9+7-LTS, mixed mode, tiered, compressed oops, g1 gc, windows-amd64)
Heap:
 garbage-first heap   total 262144K, used 94303K [0x00000000e0000000, 0x0000000100000000)
  region size 1024K, 30 young (30720K), 7 survivors (7168K)
 Metaspace       used 67000K, capacity 68815K, committed 68864K, reserved 315392K
  class space    used 8504K, capacity 9175K, committed 9216K, reserved 253952K
GC Heap History (10 events):
Event: 5.372 GC heap before
{Heap before GC invocations=7 (full 0):
 garbage-first heap   total 262144K, used 140320K [0x00000000e0000000, 0x0000000100000000)
  region size 1024K, 123 young (125952K), 11 survivors (11264K)
 Metaspace       used 52357K, capacity 53770K, committed 54016K, reserved 301056K
  class space    used 6827K, capacity 7358K, committed 7424K, reserved 253952K
}
Event: 5.383 GC heap after
{Heap after GC invocations=8 (full 0):
 garbage-first heap   total 262144K, used 35116K [0x00000000e0000000, 0x0000000100000000)
  region size 1024K, 16 young (16384K), 16 survivors (16384K)
 Metaspace       used 52357K, capacity 53770K, committed 54016K, reserved 301056K
  class space    used 6827K, capacity 7358K, committed 7424K, reserved 253952K
}
Event: 6.190 GC heap before
{Heap before GC invocations=8 (full 0):
 garbage-first heap   total 262144K, used 176428K [0x00000000e0000000, 0x0000000100000000)
  region size 1024K, 153 young (156672K), 16 survivors (16384K)
 Metaspace       used 55769K, capacity 57278K, committed 57600K, reserved 305152K
  class space    used 7261K, capacity 7862K, committed 7936K, reserved 253952K
}
Event: 6.206 GC heap after
{Heap after GC invocations=9 (full 0):
 garbage-first heap   total 262144K, used 51116K [0x00000000e0000000, 0x0000000100000000)
  region size 1024K, 20 young (20480K), 20 survivors (20480K)
 Metaspace       used 55769K, capacity 57278K, committed 57600K, reserved 305152K
  class space    used 7261K, capacity 7862K, committed 7936K, reserved 253952K
}
Event: 6.432 GC heap before
{Heap before GC invocations=9 (full 0):
 garbage-first heap   total 262144K, used 65452K [0x00000000e0000000, 0x0000000100000000)
  region size 1024K, 36 young (36864K), 20 survivors (20480K)
 Metaspace       used 58370K, capacity 60055K, committed 60160K, reserved 307200K
  class space    used 7619K, capacity 8251K, committed 8320K, reserved 253952K
}
Event: 6.445 GC heap after
{Heap after GC invocations=10 (full 0):
 garbage-first heap   total 262144K, used 53777K [0x00000000e0000000, 0x0000000100000000)
  region size 1024K, 4 young (4096K), 4 survivors (4096K)
 Metaspace       used 58370K, capacity 60055K, committed 60160K, reserved 307200K
  class space    used 7619K, capacity 8251K, committed 8320K, reserved 253952K
}
Event: 7.116 GC heap before
{Heap before GC invocations=11 (full 0):
 garbage-first heap   total 262144K, used 140817K [0x00000000e0000000, 0x0000000100000000)
  region size 1024K, 89 young (91136K), 4 survivors (4096K)
 Metaspace       used 62559K, capacity 64303K, committed 64640K, reserved 311296K
  class space    used 8061K, capacity 8731K, committed 8832K, reserved 253952K
}
Event: 7.123 GC heap after
{Heap after GC invocations=12 (full 0):
 garbage-first heap   total 262144K, used 65536K [0x00000000e0000000, 0x0000000100000000)
  region size 1024K, 12 young (12288K), 12 survivors (12288K)
 Metaspace       used 62559K, capacity 64303K, committed 64640K, reserved 311296K
  class space    used 8061K, capacity 8731K, committed 8832K, reserved 253952K
}
Event: 40.421 GC heap before
{Heap before GC invocations=13 (full 0):
 garbage-first heap   total 262144K, used 153600K [0x00000000e0000000, 0x0000000100000000)
  region size 1024K, 99 young (101376K), 12 survivors (12288K)
 Metaspace       used 66845K, capacity 68684K, committed 68864K, reserved 315392K
  class space    used 8504K, capacity 9175K, committed 9216K, reserved 253952K
}
Event: 40.429 GC heap after
{Heap after GC invocations=14 (full 0):
 garbage-first heap   total 262144K, used 71775K [0x00000000e0000000, 0x0000000100000000)
  region size 1024K, 7 young (7168K), 7 survivors (7168K)
 Metaspace       used 66845K, capacity 68684K, committed 68864K, reserved 315392K
  class space    used 8504K, capacity 9175K, committed 9216K, reserved 253952K
}

